2025-04-22T23:24:16.959841+00:00 ubuntu-core1 cron[1208]: (CRON) INFO (pidfile fd = 3)
2025-04-22T23:24:16.959844+00:00 ubuntu-core1 cron[1208]: (CRON) INFO (Running @reboot jobs)
2025-04-22T23:25:01.885786+00:00 ubuntu-core1 CRON[4831]: (root) CMD (command -v debian-sa1 > /dev/null && debian-sa1 1 1)
2025-04-22T23:30:01.947671+00:00 ubuntu-core1 CRON[5021]: (root) CMD ([ -x /etc/init.d/anacron ] && if [ ! -d /run/systemd/system ]; then /usr/sbin/invoke-rc.d anacron start >/dev/null; fi)
2025-04-22T23:33:31.932745+00:00 ubuntu-core1 cron[1090]: (CRON) INFO (pidfile fd = 3)
2025-04-22T23:33:31.932746+00:00 ubuntu-core1 cron[1090]: (CRON) INFO (Running @reboot jobs)
2025-04-22T23:35:01.676983+00:00 ubuntu-core1 CRON[4104]: (root) CMD (command -v debian-sa1 > /dev/null && debian-sa1 1 1)
2025-04-22T23:45:01.046482+00:00 ubuntu-core1 CRON[4740]: (root) CMD (command -v debian-sa1 > /dev/null && debian-sa1 1 1)
2025-04-22T23:55:02.177317+00:00 ubuntu-core1 CRON[4877]: (root) CMD (command -v debian-sa1 > /dev/null && debian-sa1 1 1)
2025-04-22T23:59:01.289760+00:00 ubuntu-core1 CRON[4950]: (root) CMD (command -v debian-sa1 > /dev/null && debian-sa1 60 2)
2025-04-22T23:59:54.448118+00:00 ubuntu-core1 cron[1092]: (CRON) INFO (pidfile fd = 3)
2025-04-22T23:59:54.448119+00:00 ubuntu-core1 cron[1092]: (CRON) INFO (Running @reboot jobs)
2025-04-23T00:05:01.587332+00:00 ubuntu-core1 CRON[3337]: (root) CMD (command -v debian-sa1 > /dev/null && debian-sa1 1 1)
2025-04-23T00:15:01.654508+00:00 ubuntu-core1 CRON[4453]: (root) CMD (command -v debian-sa1 > /dev/null && debian-sa1 1 1)
2025-04-23T00:17:01.668346+00:00 ubuntu-core1 CRON[4528]: (root) CMD (cd / && run-parts --report /etc/cron.hourly)
2025-04-23T00:25:01.777403+00:00 ubuntu-core1 CRON[4783]: (root) CMD (command -v debian-sa1 > /dev/null && debian-sa1 1 1)
2025-04-23T00:35:01.925847+00:00 ubuntu-core1 CRON[4995]: (root) CMD (command -v debian-sa1 > /dev/null && debian-sa1 1 1)
2025-04-23T00:45:01.962818+00:00 ubuntu-core1 CRON[5311]: (root) CMD (command -v debian-sa1 > /dev/null && debian-sa1 1 1)
2025-04-23T00:55:02.001380+00:00 ubuntu-core1 CRON[5603]: (root) CMD (command -v debian-sa1 > /dev/null && debian-sa1 1 1)
2025-04-23T01:05:01.017514+00:00 ubuntu-core1 CRON[6166]: (root) CMD (command -v debian-sa1 > /dev/null && debian-sa1 1 1)
2025-04-23T01:15:01.029433+00:00 ubuntu-core1 CRON[6717]: (root) CMD (command -v debian-sa1 > /dev/null && debian-sa1 1 1)
2025-04-23T01:17:01.039591+00:00 ubuntu-core1 CRON[6754]: (root) CMD (cd / && run-parts --report /etc/cron.hourly)
2025-04-23T01:25:01.060250+00:00 ubuntu-core1 CRON[6837]: (root) CMD (command -v debian-sa1 > /dev/null && debian-sa1 1 1)
2025-04-23T01:35:01.073054+00:00 ubuntu-core1 CRON[6948]: (root) CMD (command -v debian-sa1 > /dev/null && debian-sa1 1 1)
2025-04-23T01:45:01.093700+00:00 ubuntu-core1 CRON[7073]: (root) CMD (command -v debian-sa1 > /dev/null && debian-sa1 1 1)
2025-04-23T01:55:01.108395+00:00 ubuntu-core1 CRON[7226]: (root) CMD (command -v debian-sa1 > /dev/null && debian-sa1 1 1)
2025-04-23T02:05:01.124766+00:00 ubuntu-core1 CRON[7348]: (root) CMD (command -v debian-sa1 > /dev/null && debian-sa1 1 1)
2025-04-23T02:15:01.193316+00:00 ubuntu-core1 CRON[7654]: (root) CMD (command -v debian-sa1 > /dev/null && debian-sa1 1 1)
2025-04-23T02:16:19.966467+00:00 ubuntu-core1 cron[1120]: (CRON) INFO (pidfile fd = 3)
2025-04-23T02:16:19.966472+00:00 ubuntu-core1 cron[1120]: (CRON) INFO (Running @reboot jobs)
